20231202 18:35:16.4245327  Action: getCity  Message: Finding all cities.
20231202 18:59:12.199347  Action: getCity  Message: Finding all cities.
20231202 18:59:18.3253722  Action: getCountry  Message: Finding all countries.
20231202 18:59:32.854348  Action: getCountrylanguage  Message: Finding all country languages.
20231202 20:33:34.9478768  Action: getCountry  Message: Finding all countries.
20231202 20:51:49.539118  Action: getCity  Message: Finding all cities.
20231203 11:00:45.8411785  Action: createCity  Message: AlreadyExistsException: 2000
20231203 11:01:42.845287  Action: deleteCity  Message: Deleting city
20231203 11:01:42.8791968  Action: getCityById  Message: Finding City by ID
20231203 11:02:47.0575306  Action: deleteCity  Message: NotFoundException: City could not be found
20231203 11:00:45.8411785  Action: createCity  Message: AlreadyExistsException: 2000
20231203 11:01:42.845287  Action: deleteCity  Message: Deleting city
20231203 11:01:42.8791968  Action: getCityById  Message: Finding City by ID
20231203 11:02:47.0575306  Action: deleteCity  Message: NotFoundException: City could not be found
20231203 14:30:50.4941419  Action: createCountry  Message: New CountryDTO created successfully.
20231203 14:30:50.5241284  Action: createCity  Message: New CityDTO created successfully.
20231203 14:30:50.5301631  Action: createCountryLanguage  Message: New CountryLanguageDTO created successfully.
20231203 14:30:50.9504619  Action: getCountryLanguageById  Message: Finding Country Language by ID
20231203 14:30:51.0625086  Action: getCityById  Message: Finding City by ID
20231203 14:30:51.0730195  Action: getCountryById  Message: Finding Country by ID
20231203 14:30:51.1685115  Action: deleteCountryLanguage  Message: Country Language deleted
20231203 14:30:51.1705095  Action: deleteCity  Message: Deleting city
20231203 14:33:14.8446547  Action: createCountry  Message: New CountryDTO created successfully.
20231203 14:33:14.8777148  Action: createCity  Message: New CityDTO created successfully.
20231203 14:33:14.8821434  Action: createCountryLanguage  Message: New CountryLanguageDTO created successfully.
20231203 14:33:15.2496436  Action: getCountryById  Message: Finding Country by ID
20231203 14:33:15.4109632  Action: deleteCountryLanguage  Message: Country Language deleted
20231203 14:33:15.4129989  Action: deleteCity  Message: Deleting city
20231203 14:35:12.6042655  Action: createCountry  Message: New CountryDTO created successfully.
20231203 14:35:12.6319587  Action: createCity  Message: New CityDTO created successfully.
20231203 14:35:12.6349253  Action: createCountryLanguage  Message: New CountryLanguageDTO created successfully.
20231203 14:35:13.0205606  Action: getCountryById  Message: Finding Country by ID
20231203 14:35:13.1290101  Action: deleteCountry  Message: Deleting country
20231203 14:35:13.2260642  Action: deleteCountryLanguage  Message: Country Language deleted
20231203 14:35:13.2273689  Action: deleteCity  Message: Deleting city
20231203 14:35:59.5675325  Action: createCountry  Message: New CountryDTO created successfully.
20231203 14:35:59.5905877  Action: createCity  Message: New CityDTO created successfully.
20231203 14:35:59.5935806  Action: createCountryLanguage  Message: New CountryLanguageDTO created successfully.
20231203 14:36:00.0180779  Action: getCountryById  Message: Finding Country by ID
20231203 14:36:00.1953079  Action: deleteCountryLanguage  Message: Country Language deleted
20231203 14:36:00.1977043  Action: deleteCity  Message: Deleting city
20231203 14:38:34.5344098  Action: createCountry  Message: New CountryDTO created successfully.
20231203 14:38:34.5595144  Action: createCity  Message: New CityDTO created successfully.
20231203 14:38:34.5625066  Action: createCountryLanguage  Message: New CountryLanguageDTO created successfully.
20231203 14:38:35.0788601  Action: deleteCountry  Message: Deleting country
20231203 14:38:35.1793582  Action: deleteCountryLanguage  Message: Country Language deleted
20231203 14:38:35.1813523  Action: deleteCity  Message: Deleting city
20231203 14:39:34.2156665  Action: createCountry  Message: New CountryDTO created successfully.
20231203 14:39:34.2428816  Action: createCity  Message: New CityDTO created successfully.
20231203 14:39:34.2469244  Action: createCountryLanguage  Message: New CountryLanguageDTO created successfully.
20231203 14:39:34.8449727  Action: deleteCountryLanguage  Message: Country Language deleted
20231203 14:39:34.8479629  Action: deleteCity  Message: Deleting city
20231203 15:13:55.3120358  Action: deleteCountry  Message: NotFoundException: Country could not be found
20231203 15:14:06.132007  Action: deleteCountry  Message: NotFoundException: Country could not be found
20231203 15:16:08.3490961  Action: deleteCountry  Message: Deleting country
